[0.149s] DEBUG:colcon:Command line arguments: ['/usr/bin/colcon', 'build']
[0.149s] DEBUG:colcon:Parsed command line arguments: Namespace(log_base=None, log_level=None, verb_name='build', build_base='build', install_base='install', merge_install=False, symlink_install=False, test_result_base=None, continue_on_error=False, executor='parallel', parallel_workers=3, event_handlers=None, ignore_user_meta=False, metas=['./colcon.meta'], base_paths=['.'], packages_ignore=None, packages_ignore_regex=None, paths=None, packages_up_to=None, packages_up_to_regex=None, packages_above=None, packages_above_and_dependencies=None, packages_above_depth=None, packages_select_by_dep=None, packages_skip_by_dep=None, packages_skip_up_to=None, packages_select_build_failed=False, packages_skip_build_finished=False, packages_select_test_failures=False, packages_skip_test_passed=False, packages_select=None, packages_skip=None, packages_select_regex=None, packages_skip_regex=None, packages_start=None, packages_end=None, allow_overriding=[], cmake_args=None, cmake_target=None, cmake_target_skip_unavailable=False, cmake_clean_cache=False, cmake_clean_first=False, cmake_force_configure=False, ament_cmake_args=None, catkin_cmake_args=None, catkin_skip_building_tests=False, mixin_files=None, mixin=None, verb_parser=<colcon_mixin.mixin.mixin_argument.MixinArgumentDecorator object at 0x72a462aad730>, verb_extension=<colcon_core.verb.build.BuildVerb object at 0x72a462aad400>, main=<bound method BuildVerb.main of <colcon_core.verb.build.BuildVerb object at 0x72a462aad400>>, mixin_verb=('build',))
[0.198s] Level 1:colcon.colcon_core.package_discovery:discover_packages(colcon_meta) check parameters
[0.199s] Level 1:colcon.colcon_core.package_discovery:discover_packages(recursive) check parameters
[0.199s] Level 1:colcon.colcon_core.package_discovery:discover_packages(ignore) check parameters
[0.199s] Level 1:colcon.colcon_core.package_discovery:discover_packages(path) check parameters
[0.199s] Level 1:colcon.colcon_core.package_discovery:discover_packages(colcon_meta) discover
[0.199s] Level 1:colcon.colcon_core.package_discovery:discover_packages(recursive) discover
[0.199s] INFO:colcon.colcon_core.package_discovery:Crawling recursively for packages in '/home/emin/ros2_ws/src/robot_navigation'
[0.199s] Level 1:colcon.colcon_core.package_identification:_identify(.) by extensions ['ignore', 'ignore_ament_install']
[0.199s] Level 1:colcon.colcon_core.package_identification:_identify(.) by extension 'ignore'
[0.199s] Level 1:colcon.colcon_core.package_identification:_identify(.) by extension 'ignore_ament_install'
[0.199s] Level 1:colcon.colcon_core.package_identification:_identify(.) by extensions ['colcon_pkg']
[0.199s] Level 1:colcon.colcon_core.package_identification:_identify(.) by extension 'colcon_pkg'
[0.199s] Level 1:colcon.colcon_core.package_identification:_identify(.) by extensions ['colcon_meta']
[0.199s] Level 1:colcon.colcon_core.package_identification:_identify(.) by extension 'colcon_meta'
[0.199s] Level 1:colcon.colcon_core.package_identification:_identify(.) by extensions ['ros']
[0.199s] Level 1:colcon.colcon_core.package_identification:_identify(.) by extension 'ros'
[0.234s] DEBUG:colcon.colcon_core.package_identification:Package '.' with type 'ros.ament_python' and name 'robot_navigation'
[0.234s] Level 1:colcon.colcon_core.package_discovery:discover_packages(recursive) using defaults
[0.234s] Level 1:colcon.colcon_core.package_discovery:discover_packages(ignore) discover
[0.234s] Level 1:colcon.colcon_core.package_discovery:discover_packages(ignore) using defaults
[0.234s] Level 1:colcon.colcon_core.package_discovery:discover_packages(path) discover
[0.234s] Level 1:colcon.colcon_core.package_discovery:discover_packages(path) using defaults
[0.256s] Level 1:colcon.colcon_core.package_discovery:discover_packages(prefix_path) check parameters
[0.256s] Level 1:colcon.colcon_core.package_discovery:discover_packages(prefix_path) discover
[0.258s] DEBUG:colcon.colcon_installed_package_information.package_discovery:Found 1 installed packages in /home/emin/ros2_ws/src/robot_navigation/install
[0.259s] DEBUG:colcon.colcon_installed_package_information.package_discovery:Found 3 installed packages in /home/emin/ros2_ws/src/install
[0.260s] DEBUG:colcon.colcon_installed_package_information.package_discovery:Found 6 installed packages in /home/emin/ros2_ws/install
[0.260s] DEBUG:colcon.colcon_installed_package_information.package_discovery:Found 1 installed packages in /home/emin/ros2_ws/src/esp32_serial_pkg/install
[0.261s] DEBUG:colcon.colcon_installed_package_information.package_discovery:Found 1 installed packages in /home/emin/install
[0.264s] DEBUG:colcon.colcon_installed_package_information.package_discovery:Found 386 installed packages in /opt/ros/jazzy
[0.266s] Level 1:colcon.colcon_core.package_discovery:discover_packages(prefix_path) using defaults
[0.338s] Level 5:colcon.colcon_core.verb:set package 'robot_navigation' build argument 'cmake_args' from command line to 'None'
[0.339s] Level 5:colcon.colcon_core.verb:set package 'robot_navigation' build argument 'cmake_target' from command line to 'None'
[0.339s] Level 5:colcon.colcon_core.verb:set package 'robot_navigation' build argument 'cmake_target_skip_unavailable' from command line to 'False'
[0.339s] Level 5:colcon.colcon_core.verb:set package 'robot_navigation' build argument 'cmake_clean_cache' from command line to 'False'
[0.339s] Level 5:colcon.colcon_core.verb:set package 'robot_navigation' build argument 'cmake_clean_first' from command line to 'False'
[0.339s] Level 5:colcon.colcon_core.verb:set package 'robot_navigation' build argument 'cmake_force_configure' from command line to 'False'
[0.339s] Level 5:colcon.colcon_core.verb:set package 'robot_navigation' build argument 'ament_cmake_args' from command line to 'None'
[0.339s] Level 5:colcon.colcon_core.verb:set package 'robot_navigation' build argument 'catkin_cmake_args' from command line to 'None'
[0.339s] Level 5:colcon.colcon_core.verb:set package 'robot_navigation' build argument 'catkin_skip_building_tests' from command line to 'False'
[0.339s] DEBUG:colcon.colcon_core.verb:Building package 'robot_navigation' with the following arguments: {'ament_cmake_args': None, 'build_base': '/home/emin/ros2_ws/src/robot_navigation/build/robot_navigation', 'catkin_cmake_args': None, 'catkin_skip_building_tests': False, 'cmake_args': None, 'cmake_clean_cache': False, 'cmake_clean_first': False, 'cmake_force_configure': False, 'cmake_target': None, 'cmake_target_skip_unavailable': False, 'install_base': '/home/emin/ros2_ws/src/robot_navigation/install/robot_navigation', 'merge_install': False, 'path': '/home/emin/ros2_ws/src/robot_navigation', 'symlink_install': False, 'test_result_base': None}
[0.339s] INFO:colcon.colcon_core.executor:Executing jobs using 'parallel' executor
[0.340s] DEBUG:colcon.colcon_parallel_executor.executor.parallel:run_until_complete
[0.341s] INFO:colcon.colcon_ros.task.ament_python.build:Building ROS package in '/home/emin/ros2_ws/src/robot_navigation' with build type 'ament_python'
[0.341s] Level 1:colcon.colcon_core.shell:create_environment_hook('robot_navigation', 'ament_prefix_path')
[0.345s] INFO:colcon.colcon_core.plugin_system:Skipping extension 'colcon_core.shell.bat': Not used on non-Windows systems
[0.345s] INFO:colcon.colcon_core.shell:Creating environment hook '/home/emin/ros2_ws/src/robot_navigation/install/robot_navigation/share/robot_navigation/hook/ament_prefix_path.ps1'
[0.348s] INFO:colcon.colcon_core.shell:Creating environment descriptor '/home/emin/ros2_ws/src/robot_navigation/install/robot_navigation/share/robot_navigation/hook/ament_prefix_path.dsv'
[0.349s] INFO:colcon.colcon_core.shell:Creating environment hook '/home/emin/ros2_ws/src/robot_navigation/install/robot_navigation/share/robot_navigation/hook/ament_prefix_path.sh'
[0.351s] INFO:colcon.colcon_core.shell:Skip shell extension 'powershell' for command environment: Not usable outside of PowerShell
[0.351s] DEBUG:colcon.colcon_core.shell:Skip shell extension 'dsv' for command environment
[0.680s] INFO:colcon.colcon_core.task.python.build:Building Python package in '/home/emin/ros2_ws/src/robot_navigation'
[0.681s] INFO:colcon.colcon_core.shell:Skip shell extension 'powershell' for command environment: Not usable outside of PowerShell
[0.681s] DEBUG:colcon.colcon_core.shell:Skip shell extension 'dsv' for command environment
[1.558s] DEBUG:colcon.colcon_core.event_handler.log_command:Invoking command in '/home/emin/ros2_ws/src/robot_navigation': DEBUGINFOD_URLS=https://debuginfod.ubuntu.com PYTHONPATH=/home/emin/ros2_ws/src/robot_navigation/build/robot_navigation/prefix_override:/usr/lib/python3/dist-packages/colcon_core/task/python/colcon_distutils_commands:/home/emin/ros2_ws/src/robot_navigation/install/robot_navigation/lib/python3.12/site-packages:${PYTHONPATH} /usr/bin/python3 -W ignore:setup.py install is deprecated -W ignore:easy_install command is deprecated setup.py egg_info --egg-base build/robot_navigation build --build-base /home/emin/ros2_ws/src/robot_navigation/build/robot_navigation/build install --record /home/emin/ros2_ws/src/robot_navigation/build/robot_navigation/install.log --single-version-externally-managed install_data
[2.474s] DEBUG:colcon.colcon_core.event_handler.log_command:Invoked command in '/home/emin/ros2_ws/src/robot_navigation' returned '0': DEBUGINFOD_URLS=https://debuginfod.ubuntu.com PYTHONPATH=/home/emin/ros2_ws/src/robot_navigation/build/robot_navigation/prefix_override:/usr/lib/python3/dist-packages/colcon_core/task/python/colcon_distutils_commands:/home/emin/ros2_ws/src/robot_navigation/install/robot_navigation/lib/python3.12/site-packages:${PYTHONPATH} /usr/bin/python3 -W ignore:setup.py install is deprecated -W ignore:easy_install command is deprecated setup.py egg_info --egg-base build/robot_navigation build --build-base /home/emin/ros2_ws/src/robot_navigation/build/robot_navigation/build install --record /home/emin/ros2_ws/src/robot_navigation/build/robot_navigation/install.log --single-version-externally-managed install_data
[2.477s] Level 1:colcon.colcon_core.environment:checking '/home/emin/ros2_ws/src/robot_navigation/install/robot_navigation' for CMake module files
[2.479s] Level 1:colcon.colcon_core.environment:checking '/home/emin/ros2_ws/src/robot_navigation/install/robot_navigation' for CMake config files
[2.480s] Level 1:colcon.colcon_core.environment:checking '/home/emin/ros2_ws/src/robot_navigation/install/robot_navigation/lib'
[2.480s] Level 1:colcon.colcon_core.environment:checking '/home/emin/ros2_ws/src/robot_navigation/install/robot_navigation/bin'
[2.480s] Level 1:colcon.colcon_core.environment:checking '/home/emin/ros2_ws/src/robot_navigation/install/robot_navigation/lib/pkgconfig/robot_navigation.pc'
[2.480s] Level 1:colcon.colcon_core.environment:checking '/home/emin/ros2_ws/src/robot_navigation/install/robot_navigation/lib/python3.12/site-packages'
[2.481s] Level 1:colcon.colcon_core.shell:create_environment_hook('robot_navigation', 'pythonpath')
[2.481s] INFO:colcon.colcon_core.shell:Creating environment hook '/home/emin/ros2_ws/src/robot_navigation/install/robot_navigation/share/robot_navigation/hook/pythonpath.ps1'
[2.482s] INFO:colcon.colcon_core.shell:Creating environment descriptor '/home/emin/ros2_ws/src/robot_navigation/install/robot_navigation/share/robot_navigation/hook/pythonpath.dsv'
[2.482s] INFO:colcon.colcon_core.shell:Creating environment hook '/home/emin/ros2_ws/src/robot_navigation/install/robot_navigation/share/robot_navigation/hook/pythonpath.sh'
[2.485s] Level 1:colcon.colcon_core.environment:checking '/home/emin/ros2_ws/src/robot_navigation/install/robot_navigation/bin'
[2.485s] Level 1:colcon.colcon_core.environment:create_environment_scripts_only(robot_navigation)
[2.485s] INFO:colcon.colcon_core.shell:Creating package script '/home/emin/ros2_ws/src/robot_navigation/install/robot_navigation/share/robot_navigation/package.ps1'
[2.487s] INFO:colcon.colcon_core.shell:Creating package descriptor '/home/emin/ros2_ws/src/robot_navigation/install/robot_navigation/share/robot_navigation/package.dsv'
[2.488s] INFO:colcon.colcon_core.shell:Creating package script '/home/emin/ros2_ws/src/robot_navigation/install/robot_navigation/share/robot_navigation/package.sh'
[2.489s] INFO:colcon.colcon_core.shell:Creating package script '/home/emin/ros2_ws/src/robot_navigation/install/robot_navigation/share/robot_navigation/package.bash'
[2.490s] INFO:colcon.colcon_core.shell:Creating package script '/home/emin/ros2_ws/src/robot_navigation/install/robot_navigation/share/robot_navigation/package.zsh'
[2.491s] Level 1:colcon.colcon_core.environment:create_file_with_runtime_dependencies(/home/emin/ros2_ws/src/robot_navigation/install/robot_navigation/share/colcon-core/packages/robot_navigation)
[2.492s] DEBUG:colcon.colcon_parallel_executor.executor.parallel:closing loop
[2.492s] DEBUG:colcon.colcon_parallel_executor.executor.parallel:loop closed
[2.492s] DEBUG:colcon.colcon_parallel_executor.executor.parallel:run_until_complete finished with '0'
[2.492s] DEBUG:colcon.colcon_core.event_reactor:joining thread
[2.500s] INFO:colcon.colcon_core.plugin_system:Skipping extension 'colcon_notification.desktop_notification.terminal_notifier': Not used on non-Darwin systems
[2.500s] INFO:colcon.colcon_core.plugin_system:Skipping extension 'colcon_notification.desktop_notification.win32': Not used on non-Windows systems
[2.500s] INFO:colcon.colcon_notification.desktop_notification:Sending desktop notification using 'notify2'
[2.522s] DEBUG:colcon.colcon_core.event_reactor:joined thread
[2.522s] INFO:colcon.colcon_core.shell:Creating prefix script '/home/emin/ros2_ws/src/robot_navigation/install/local_setup.ps1'
[2.524s] INFO:colcon.colcon_core.shell:Creating prefix util module '/home/emin/ros2_ws/src/robot_navigation/install/_local_setup_util_ps1.py'
[2.526s] INFO:colcon.colcon_core.shell:Creating prefix chain script '/home/emin/ros2_ws/src/robot_navigation/install/setup.ps1'
[2.529s] INFO:colcon.colcon_core.shell:Creating prefix script '/home/emin/ros2_ws/src/robot_navigation/install/local_setup.sh'
[2.530s] INFO:colcon.colcon_core.shell:Creating prefix util module '/home/emin/ros2_ws/src/robot_navigation/install/_local_setup_util_sh.py'
[2.531s] INFO:colcon.colcon_core.shell:Creating prefix chain script '/home/emin/ros2_ws/src/robot_navigation/install/setup.sh'
[2.533s] INFO:colcon.colcon_core.shell:Creating prefix script '/home/emin/ros2_ws/src/robot_navigation/install/local_setup.bash'
[2.534s] INFO:colcon.colcon_core.shell:Creating prefix chain script '/home/emin/ros2_ws/src/robot_navigation/install/setup.bash'
[2.536s] INFO:colcon.colcon_core.shell:Creating prefix script '/home/emin/ros2_ws/src/robot_navigation/install/local_setup.zsh'
[2.537s] INFO:colcon.colcon_core.shell:Creating prefix chain script '/home/emin/ros2_ws/src/robot_navigation/install/setup.zsh'
